<?xml version="1.0" encoding="UTF-8"?>
<!-- Generated by org.testng.reporters.JUnitXMLReporter -->
<testsuite hostname="LAPTOP-FLHPVMKE" name="Test" tests="9" failures="0" timestamp="3 Jun 2018 22:54:48 GMT" time="0.071" errors="0">
  <testcase name="@BeforeTest getData" time="0.0" classname="TestFramework.basics3">
    <failure type="java.io.FileNotFoundException" message="env.properties (The system cannot find the file specified)">
      <![CDATA[java.io.FileNotFoundException: env.properties (The system cannot find the file specified)
	at java.io.FileInputStream.open0(Native Method)
	at java.io.FileInputStream.open(Unknown Source)
	at java.io.FileInputStream.<init>(Unknown Source)
	at java.io.FileInputStream.<init>(Unknown Source)
	at TestFramework.basics3.getData(basics3.java:24)
... Removed 22 stack frames]]>
    </failure>
  </testcase> <!-- @BeforeTest getData -->
  <testcase name="@BeforeTest getData" time="0.0" classname="TestFramework.basics3">
    <skipped/>
  </testcase> <!-- @BeforeTest getData -->
  <testcase name="@BeforeTest getData" time="0.0" classname="TestFramework.basics3">
    <skipped/>
  </testcase> <!-- @BeforeTest getData -->
  <testcase name="postDataXML" time="0.004" classname="TestFramework.basics4">
    <skipped/>
  </testcase> <!-- postDataXML -->
  <testcase name="AddandDeletePlace" time="0.001" classname="TestFramework.basics3">
    <skipped/>
  </testcase> <!-- AddandDeletePlace -->
  <testcase name="createPlaceAPI" time="0.001" classname="TestFramework.basics2">
    <skipped/>
  </testcase> <!-- createPlaceAPI -->
  <testcase name="getPlaceAPI" time="0.001" classname="TestFramework.basics">
    <skipped/>
  </testcase> <!-- getPlaceAPI -->
  <testcase name="JiraAPICreateComment" time="0.001" classname="TestFramework.basics8">
    <skipped/>
  </testcase> <!-- JiraAPICreateComment -->
  <testcase name="JiraAPIUpdate" time="0.001" classname="TestFramework.basics8">
    <skipped/>
  </testcase> <!-- JiraAPIUpdate -->
  <testcase name="JiraAPICreateComment" time="0.001" classname="TestFramework.basics7">
    <skipped/>
  </testcase> <!-- JiraAPICreateComment -->
  <testcase name="JiraAPICreateIssue" time="0.001" classname="TestFramework.basics6">
    <skipped/>
  </testcase> <!-- JiraAPICreateIssue -->
  <testcase name="extractingNamesAPI" time="0.001" classname="TestFramework.basics5">
    <skipped/>
  </testcase> <!-- extractingNamesAPI -->
</testsuite> <!-- Test -->
