<?xml version="1.0" encoding="UTF-8"?>
<testng-results skipped="0" failed="0" total="1" passed="1">
  <reporter-output>
  </reporter-output>
  <suite name="Default suite" duration-ms="2165" started-at="2018-06-04T00:12:43Z" finished-at="2018-06-04T00:12:45Z">
    <groups>
    </groups>
    <test name="Default test" duration-ms="2165" started-at="2018-06-04T00:12:43Z" finished-at="2018-06-04T00:12:45Z">
      <class name="org.aws.ws.test.Tests">
        <test-method status="PASS" signature="getPostsAPI()[pri:0, instance:org.aws.ws.test.Tests@51081592]" name="getPostsAPI" duration-ms="2145" started-at="2018-06-03T20:12:43Z" finished-at="2018-06-03T20:12:45Z">
          <reporter-output>
          </reporter-output>
        </test-method> <!-- getPostsAPI -->
      </class> <!-- org.aws.ws.test.Tests -->
    </test> <!-- Default test -->
  </suite> <!-- Default suite -->
</testng-results>
